0 info it worked if it ends with ok
1 verbose cli [ '/Users/Susy/.nvm/versions/node/v6.6.0/bin/node',
1 verbose cli   '/Users/Susy/.nvm/versions/node/v6.6.0/bin/npm',
1 verbose cli   'start' ]
2 info using npm@3.10.3
3 info using node@v6.6.0
4 verbose run-script [ 'prestart', 'start', 'poststart' ]
5 info lifecycle GroupDraw@0.0.0~prestart: GroupDraw@0.0.0
6 silly lifecycle GroupDraw@0.0.0~prestart: no script for prestart, continuing
7 info lifecycle GroupDraw@0.0.0~start: GroupDraw@0.0.0
8 verbose lifecycle GroupDraw@0.0.0~start: unsafe-perm in lifecycle true
9 verbose lifecycle GroupDraw@0.0.0~start: PATH: /Users/Susy/.nvm/versions/node/v6.6.0/lib/node_modules/npm/bin/node-gyp-bin:/Users/Susy/Documents/University/USI NOW - 3- 2016-2017 Fall/Web Atelier/Project/Github/GroupDraw/node_modules/.bin:/Users/Susy/.nvm/versions/node/v6.6.0/bin:/Users/Susy/.nvm/versions/node/v6.6.0/bin:/Library/Frameworks/Python.framework/Versions/3.5/bin:/usr/local/bin:/usr/bin:/bin:/usr/sbin:/sbin:/Library/TeX/texbin:/usr/local/mysql/bin/:/usr/local/mysql/bin/
10 verbose lifecycle GroupDraw@0.0.0~start: CWD: /Users/Susy/Documents/University/USI NOW - 3- 2016-2017 Fall/Web Atelier/Project/Github/GroupDraw
11 silly lifecycle GroupDraw@0.0.0~start: Args: [ '-c', 'DEBUG=\'GroupDraw\' node ./bin/www' ]
12 silly lifecycle GroupDraw@0.0.0~start: Returned: code: 1  signal: null
13 info lifecycle GroupDraw@0.0.0~start: Failed to exec start script
14 verbose stack Error: GroupDraw@0.0.0 start: `DEBUG='GroupDraw' node ./bin/www`
14 verbose stack Exit status 1
14 verbose stack     at EventEmitter.<anonymous> (/Users/Susy/.nvm/versions/node/v6.6.0/lib/node_modules/npm/lib/utils/lifecycle.js:242:16)
14 verbose stack     at emitTwo (events.js:106:13)
14 verbose stack     at EventEmitter.emit (events.js:191:7)
14 verbose stack     at ChildProcess.<anonymous> (/Users/Susy/.nvm/versions/node/v6.6.0/lib/node_modules/npm/lib/utils/spawn.js:40:14)
14 verbose stack     at emitTwo (events.js:106:13)
14 verbose stack     at ChildProcess.emit (events.js:191:7)
14 verbose stack     at maybeClose (internal/child_process.js:877:16)
14 verbose stack     at Process.ChildProcess._handle.onexit (internal/child_process.js:226:5)
15 verbose pkgid GroupDraw@0.0.0
16 verbose cwd /Users/Susy/Documents/University/USI NOW - 3- 2016-2017 Fall/Web Atelier/Project/Github/GroupDraw
17 error Darwin 16.1.0
18 error argv "/Users/Susy/.nvm/versions/node/v6.6.0/bin/node" "/Users/Susy/.nvm/versions/node/v6.6.0/bin/npm" "start"
19 error node v6.6.0
20 error npm  v3.10.3
21 error code ELIFECYCLE
22 error GroupDraw@0.0.0 start: `DEBUG='GroupDraw' node ./bin/www`
22 error Exit status 1
23 error Failed at the GroupDraw@0.0.0 start script 'DEBUG='GroupDraw' node ./bin/www'.
23 error Make sure you have the latest version of node.js and npm installed.
23 error If you do, this is most likely a problem with the GroupDraw package,
23 error not with npm itself.
23 error Tell the author that this fails on your system:
23 error     DEBUG='GroupDraw' node ./bin/www
23 error You can get information on how to open an issue for this project with:
23 error     npm bugs GroupDraw
23 error Or if that isn't available, you can get their info via:
23 error     npm owner ls GroupDraw
23 error There is likely additional logging output above.
24 verbose exit [ 1, true ]
